<?xml version="1.0" encoding="UTF-8"?>
<testsuite name="InterpreterTest" tests="1" skipped="0" failures="0" errors="0" timestamp="2024-03-25T20:02:04" hostname="Pok" time="0.034">
  <properties/>
  <testcase name="test()" classname="InterpreterTest" time="0.034"/>
  <system-out><![CDATA[]]></system-out>
  <system-err><![CDATA[]]></system-err>
</testsuite>
