<?xml version="1.0" encoding="UTF-8"?>
<testsuite name="InterpreterTest" tests="1" skipped="0" failures="0" errors="0" timestamp="2024-03-27T03:37:21" hostname="NACHO-PC" time="0.023">
  <properties/>
  <testcase name="test()" classname="InterpreterTest" time="0.023"/>
  <system-out><![CDATA[]]></system-out>
  <system-err><![CDATA[]]></system-err>
</testsuite>
