<?xml version="1.0" encoding="UTF-8"?>
<testsuite name="TokenTest" tests="3" skipped="0" failures="0" errors="0" timestamp="2024-03-21T23:12:26" hostname="Pok" time="0.089">
  <properties/>
  <testcase name="createTokenTest()" classname="TokenTest" time="0.053"/>
  <testcase name="createTokenWithoutValueTest()" classname="TokenTest" time="0.006"/>
  <testcase name="createTokenWithInitialPositionGreaterThanFinalPositionTest()" classname="TokenTest" time="0.003"/>
  <system-out><![CDATA[]]></system-out>
  <system-err><![CDATA[]]></system-err>
</testsuite>
