<?xml version="1.0" encoding="UTF-8"?>
<testsuite name="TokenTest" tests="3" skipped="0" failures="0" errors="0" timestamp="2024-03-27T19:58:34" hostname="bro" time="0.082">
  <properties/>
  <testcase name="createTokenTest()" classname="TokenTest" time="0.062"/>
  <testcase name="createTokenWithoutValueTest()" classname="TokenTest" time="0.003"/>
  <testcase name="createTokenWithInitialPositionGreaterThanFinalPositionTest()" classname="TokenTest" time="0.004"/>
  <system-out><![CDATA[]]></system-out>
  <system-err><![CDATA[]]></system-err>
</testsuite>
