<?xml version="1.0" encoding="UTF-8"?>
<testsuite name="MethodBuilderTest" tests="1" skipped="0" failures="0" errors="0" timestamp="2024-03-27T03:21:04" hostname="NACHO-PC" time="0.016">
  <properties/>
  <testcase name="testBuildWithValidTokens()" classname="MethodBuilderTest" time="0.016"/>
  <system-out><![CDATA[print
]]></system-out>
  <system-err><![CDATA[]]></system-err>
</testsuite>
