<?xml version="1.0" encoding="UTF-8"?>
<testsuite name="BuiderTest" tests="3" skipped="0" failures="0" errors="0" timestamp="2024-03-23T20:32:37" hostname="NACHO-PC" time="0.013">
  <properties/>
  <testcase name="isValidDeclarationAssignationShouldReturnFalseForLinesWithLessThan6Tokens()" classname="BuiderTest" time="0.003"/>
  <testcase name="isValidDeclarationAssignationShouldReturnTrueForLinesWithLessThan6Tokens()" classname="BuiderTest" time="0.001"/>
  <testcase name="buildDeclarationAssignationShouldReturnVarDeclarationAssignation()" classname="BuiderTest" time="0.007"/>
  <system-out><![CDATA[]]></system-out>
  <system-err><![CDATA[]]></system-err>
</testsuite>
