<?xml version="1.0" encoding="UTF-8"?>
<testsuite name="AssignationBuilderTest" tests="2" skipped="0" failures="0" errors="0" timestamp="2024-03-28T19:40:56" hostname="DESKTOP-UQJVMD7" time="0.026">
  <properties/>
  <testcase name="test isValid with valid tokens()" classname="AssignationBuilderTest" time="0.023"/>
  <testcase name="test isValid with invalid tokens()" classname="AssignationBuilderTest" time="0.002"/>
  <system-out><![CDATA[]]></system-out>
  <system-err><![CDATA[]]></system-err>
</testsuite>
