<?xml version="1.0" encoding="UTF-8"?>
<testsuite name="TestParser" tests="2" skipped="0" failures="0" errors="0" timestamp="2024-03-23T20:32:37" hostname="NACHO-PC" time="0.016">
  <properties/>
  <testcase name="testParser()" classname="TestParser" time="0.0"/>
  <testcase name="testVariableDeclaration()" classname="TestParser" time="0.015"/>
  <system-out><![CDATA[]]></system-out>
  <system-err><![CDATA[]]></system-err>
</testsuite>
