<?xml version="1.0" encoding="UTF-8"?>
<testsuite name="DeclarationAssignedBuilderTest" tests="2" skipped="0" failures="0" errors="0" timestamp="2024-03-28T19:40:56" hostname="DESKTOP-UQJVMD7" time="0.003">
  <properties/>
  <testcase name="test isValid with valid tokens()" classname="DeclarationAssignedBuilderTest" time="0.001"/>
  <testcase name="test isValid with invalid tokens()" classname="DeclarationAssignedBuilderTest" time="0.001"/>
  <system-out><![CDATA[]]></system-out>
  <system-err><![CDATA[]]></system-err>
</testsuite>
