<?xml version="1.0" encoding="UTF-8"?>
<testsuite name="TestParser" tests="2" skipped="0" failures="0" errors="0" timestamp="2024-03-28T19:40:56" hostname="DESKTOP-UQJVMD7" time="0.04">
  <properties/>
  <testcase name="testParser()" classname="TestParser" time="0.001"/>
  <testcase name="testVariableDeclaration()" classname="TestParser" time="0.039"/>
  <system-out><![CDATA[]]></system-out>
  <system-err><![CDATA[]]></system-err>
</testsuite>
