<?xml version="1.0" encoding="UTF-8"?>
<testsuite name="DeclarationAssignedBuilderTest" tests="2" skipped="0" failures="0" errors="0" timestamp="2024-03-23T20:32:37" hostname="NACHO-PC" time="0.001">
  <properties/>
  <testcase name="test isValid with valid tokens()" classname="DeclarationAssignedBuilderTest" time="0.0"/>
  <testcase name="test isValid with invalid tokens()" classname="DeclarationAssignedBuilderTest" time="0.001"/>
  <system-out><![CDATA[]]></system-out>
  <system-err><![CDATA[]]></system-err>
</testsuite>
