<?xml version="1.0" encoding="UTF-8"?>
<testsuite name="MethodBuilderTest" tests="4" skipped="0" failures="0" errors="0" timestamp="2024-03-29T00:56:37" hostname="NACHO-PC" time="0.022">
  <properties/>
  <testcase name="testMethodCallShouldThrowExceptionIfMethodCallIsNotValid()" classname="MethodBuilderTest" time="0.006"/>
  <testcase name="testMethodCallShouldCorrectlyInterpretMethodCallWithComplexOperationAndVariable()" classname="MethodBuilderTest" time="0.003"/>
  <testcase name="testMethodCallShouldCorrectlyInterpretMethodCallWithComplexOperation()" classname="MethodBuilderTest" time="0.006"/>
  <testcase name="testMethodCallShouldCorrectlyInterpretMethodCall()" classname="MethodBuilderTest" time="0.004"/>
  <system-out><![CDATA[]]></system-out>
  <system-err><![CDATA[]]></system-err>
</testsuite>
