<?xml version="1.0" encoding="UTF-8"?>
<testsuite name="token.ListTokenManagerTest" tests="2" skipped="0" failures="0" errors="0" timestamp="2024-03-20T19:08:07" hostname="Pok" time="0.005">
  <properties/>
  <testcase name="removeDuplicatesTest()" classname="token.ListTokenManagerTest" time="0.002"/>
  <testcase name="orderTokenTest()" classname="token.ListTokenManagerTest" time="0.002"/>
  <system-out><![CDATA[]]></system-out>
  <system-err><![CDATA[]]></system-err>
</testsuite>
