<?xml version="1.0" encoding="UTF-8"?>
<testsuite name="token.LexerTest" tests="15" skipped="0" failures="0" errors="0" timestamp="2024-03-27T19:58:28" hostname="bro" time="0.305">
  <properties/>
  <testcase name="testStringLiteral()" classname="token.LexerTest" time="0.136"/>
  <testcase name="lexTest2()" classname="token.LexerTest" time="0.006"/>
  <testcase name="testMethodCall()" classname="token.LexerTest" time="0.008"/>
  <testcase name="testLetKeywordPass()" classname="token.LexerTest" time="0.007"/>
  <testcase name="methodCall()" classname="token.LexerTest" time="0.006"/>
  <testcase name="testWhitespaceVariation()" classname="token.LexerTest" time="0.003"/>
  <testcase name="testNumberValue()" classname="token.LexerTest" time="0.012"/>
  <testcase name="lexTest()" classname="token.LexerTest" time="0.008"/>
  <testcase name="testComplexExpression()" classname="token.LexerTest" time="0.005"/>
  <testcase name="testStringWithEscapedCharacters()" classname="token.LexerTest" time="0.004"/>
  <testcase name="testOperatorPlus()" classname="token.LexerTest" time="0.004"/>
  <testcase name="testLetKeywordTricky()" classname="token.LexerTest" time="0.004"/>
  <testcase name="testNestedExpressions()" classname="token.LexerTest" time="0.012"/>
  <testcase name="testDeclarationWithTypeNumber()" classname="token.LexerTest" time="0.005"/>
  <testcase name="testDeclarationWithTypeString()" classname="token.LexerTest" time="0.015"/>
  <system-out><![CDATA[]]></system-out>
  <system-err><![CDATA[]]></system-err>
</testsuite>
