<?xml version="1.0" encoding="UTF-8"?>
<testsuite name="token.LexerTest" tests="1" skipped="0" failures="0" errors="0" timestamp="2024-03-29T16:14:34" hostname="Pok" time="0.127">
  <properties/>
  <testcase name="testMethodCall()" classname="token.LexerTest" time="0.127"/>
  <system-out><![CDATA[]]></system-out>
  <system-err><![CDATA[]]></system-err>
</testsuite>
