<?xml version="1.0" encoding="UTF-8"?>
<testsuite name="token.RegexTokenGeneratorTest" tests="1" skipped="0" failures="0" errors="0" timestamp="2024-03-20T19:08:07" hostname="Pok" time="0.002">
  <properties/>
  <testcase name="testLiteralPatternTokenGeneration()" classname="token.RegexTokenGeneratorTest" time="0.002"/>
  <system-out><![CDATA[]]></system-out>
  <system-err><![CDATA[]]></system-err>
</testsuite>
