<?xml version="1.0" encoding="UTF-8"?>
<testsuite name="token.ListTokenManagerTest" tests="2" skipped="0" failures="0" errors="0" timestamp="2024-03-28T17:28:45" hostname="DESKTOP-UQJVMD7" time="0.001">
  <properties/>
  <testcase name="removeDuplicatesTest()" classname="token.ListTokenManagerTest" time="0.001"/>
  <testcase name="orderTokenTest()" classname="token.ListTokenManagerTest" time="0.0"/>
  <system-out><![CDATA[]]></system-out>
  <system-err><![CDATA[]]></system-err>
</testsuite>
