<?xml version="1.0" encoding="UTF-8"?>
<testsuite name="token.LexerTest" tests="15" skipped="0" failures="0" errors="0" timestamp="2024-03-27T22:56:21" hostname="NACHO-PC" time="0.144">
  <properties/>
  <testcase name="testStringLiteral()" classname="token.LexerTest" time="0.114"/>
  <testcase name="lexTest2()" classname="token.LexerTest" time="0.002"/>
  <testcase name="testMethodCall()" classname="token.LexerTest" time="0.004"/>
  <testcase name="testLetKeywordPass()" classname="token.LexerTest" time="0.001"/>
  <testcase name="methodCall()" classname="token.LexerTest" time="0.001"/>
  <testcase name="testWhitespaceVariation()" classname="token.LexerTest" time="0.001"/>
  <testcase name="testNumberValue()" classname="token.LexerTest" time="0.001"/>
  <testcase name="lexTest()" classname="token.LexerTest" time="0.001"/>
  <testcase name="testComplexExpression()" classname="token.LexerTest" time="0.001"/>
  <testcase name="testStringWithEscapedCharacters()" classname="token.LexerTest" time="0.001"/>
  <testcase name="testOperatorPlus()" classname="token.LexerTest" time="0.001"/>
  <testcase name="testLetKeywordTricky()" classname="token.LexerTest" time="0.001"/>
  <testcase name="testNestedExpressions()" classname="token.LexerTest" time="0.001"/>
  <testcase name="testDeclarationWithTypeNumber()" classname="token.LexerTest" time="0.0"/>
  <testcase name="testDeclarationWithTypeString()" classname="token.LexerTest" time="0.001"/>
  <system-out><![CDATA[]]></system-out>
  <system-err><![CDATA[]]></system-err>
</testsuite>
