<?xml version="1.0" encoding="UTF-8"?>
<testsuite name="VarDeclarationAssignationRuleTest" tests="7" skipped="0" failures="0" errors="0" timestamp="2024-03-28T20:36:05" hostname="DESKTOP-UQJVMD7" time="0.085">
  <properties/>
  <testcase name="test004SpaceDotFrontIsLessThanZeroWhenisRuleIncludedShouldThrowException()" classname="VarDeclarationAssignationRuleTest" time="0.056"/>
  <testcase name="test005SpaceDotBackIsLessThanZeroWhenIsRuleIncludedShouldThrowException()" classname="VarDeclarationAssignationRuleTest" time="0.002"/>
  <testcase name="test006SpaceEqualFrontIsLessThanZeroWhenIsRuleIncludedShouldThrowException()" classname="VarDeclarationAssignationRuleTest" time="0.01"/>
  <testcase name="test003VarDeclarationRuleIsIncludedTestWithGenericLineTestEnforceRule()" classname="VarDeclarationAssignationRuleTest" time="0.008"/>
  <testcase name="genericLineWithASTWorkingFine()" classname="VarDeclarationAssignationRuleTest" time="0.0"/>
  <testcase name="test007SpaceEqualBackIsLessThanZeroWhenIsRuleIncludedShouldThrowException()" classname="VarDeclarationAssignationRuleTest" time="0.001"/>
  <testcase name="whenPassingStringWithOnlyAssignationSymbolItShouldReturnStringWithSpacesInFrontAndBack()" classname="VarDeclarationAssignationRuleTest" time="0.001"/>
  <system-out><![CDATA[]]></system-out>
  <system-err><![CDATA[]]></system-err>
</testsuite>
