<?xml version="1.0" encoding="UTF-8"?>
<testsuite name="AssignationSpaceEnfocerTest" tests="2" skipped="0" failures="0" errors="0" timestamp="2024-03-28T19:43:32" hostname="DESKTOP-UQJVMD7" time="0.047">
  <properties/>
  <testcase name="whenAssigntationIsInsideStringItShouldNotAddSpaces()" classname="AssignationSpaceEnfocerTest" time="0.045"/>
  <testcase name="whenPassingStringWithOnlyAssignationSymbolItShouldReturnStringWithSpacesInFrontAndBack()" classname="AssignationSpaceEnfocerTest" time="0.0"/>
  <system-out><![CDATA[]]></system-out>
  <system-err><![CDATA[]]></system-err>
</testsuite>
