<?xml version="1.0" encoding="UTF-8"?>
<testsuite name="DoubleDotEnforcerTest" tests="2" skipped="0" failures="0" errors="0" timestamp="2024-03-28T19:43:32" hostname="DESKTOP-UQJVMD7" time="0.004">
  <properties/>
  <testcase name="whenDoubleDotIsInsideStringItShouldNotAddSpaces()" classname="DoubleDotEnforcerTest" time="0.002"/>
  <testcase name="whenPassingStringWithOnlyDoubleDotItShouldReturnStringWithSpacesInFrontAndBack()" classname="DoubleDotEnforcerTest" time="0.001"/>
  <system-out><![CDATA[]]></system-out>
  <system-err><![CDATA[]]></system-err>
</testsuite>
