<?xml version="1.0" encoding="UTF-8"?>
<testsuite name="VarDeclarationAssignationRuleTest" tests="1" skipped="0" failures="0" errors="0" timestamp="2024-03-28T20:17:41" hostname="DESKTOP-UQJVMD7" time="0.049">
  <properties/>
  <testcase name="genericLineWithASTWorkingFine()" classname="VarDeclarationAssignationRuleTest" time="0.049"/>
  <system-out><![CDATA[]]></system-out>
  <system-err><![CDATA[]]></system-err>
</testsuite>
