<?xml version="1.0" encoding="UTF-8"?>
<testsuite name="JSONManagerTest" tests="1" skipped="0" failures="0" errors="0" timestamp="2024-03-22T15:15:48" hostname="DESKTOP-UQJVMD7" time="0.036">
  <properties/>
  <testcase name="JSONToMapTest()" classname="JSONManagerTest" time="0.036"/>
  <system-out><![CDATA[]]></system-out>
  <system-err><![CDATA[]]></system-err>
</testsuite>
