<?xml version="1.0" encoding="UTF-8"?>
<testsuite name="JSONManagerTest" tests="1" skipped="0" failures="0" errors="0" timestamp="2024-03-27T22:45:34" hostname="NACHO-PC" time="0.126">
  <properties/>
  <testcase name="JSONToMapTest()" classname="JSONManagerTest" time="0.126"/>
  <system-out><![CDATA[]]></system-out>
  <system-err><![CDATA[]]></system-err>
</testsuite>
